<?xml version="1.0" encoding="UTF-8"?>
<!-- Generated by org.testng.reporters.JUnitReportReporter -->
<testsuite hostname="DESKTOP-SO8S6QD" failures="0" tests="1" name="testcases.TestOne" time="8.839" errors="0" timestamp="2023-08-05T13:25:56 IST" skipped="0">
  <testcase classname="testcases.TestOne" name="BasicTest" time="8.839"/>
</testsuite> <!-- testcases.TestOne -->
